<?xml version="1.0" ?>
<testsuites failures="0" name="TestXML" tests="1" time="0.031">
	<testsuite name="Beat Processor Test" failures="0"  tests="5" time="0">
		<testcase name=" register miss if extra hit" time="0"></testcase>
		<testcase name=" register hit on beat" time="0"></testcase>
		<testcase name=" register miss out of beat" time="0"></testcase>
		<testcase name=" different tempo hit on beat" time="0"></testcase>
		<testcase name=" buffer to hit" time="0"></testcase>
	</testsuite>

</testsuites>